2026-01-27 15:28:32,382 ERROR Item {'name': 'su_rds_seed_db_prod'} couldn't be found.
Traceback (most recent call last):
  File "/home/kara/.local/bin/credstash.py", line 274, in clean_error
    return func(*args, **kwargs)
  File "/home/kara/.local/bin/credstash.py", line 577, in getSecret
    raise ItemNotFound("Item {'name': '%s'} couldn't be found." % name)
credstash.ItemNotFound: Item {'name': 'su_rds_seed_db_prod'} couldn't be found.
2026-01-27 15:33:30,415 ERROR Item {'name': 'su_rds_seed_db_prod'} couldn't be found.
Traceback (most recent call last):
  File "/home/kara/.local/bin/credstash.py", line 274, in clean_error
    return func(*args, **kwargs)
  File "/home/kara/.local/bin/credstash.py", line 577, in getSecret
    raise ItemNotFound("Item {'name': '%s'} couldn't be found." % name)
credstash.ItemNotFound: Item {'name': 'su_rds_seed_db_prod'} couldn't be found.
2026-01-27 15:33:33,758 ERROR Item {'name': 'su_rds_seed_db_qa'} couldn't be found.
Traceback (most recent call last):
  File "/home/kara/.local/bin/credstash.py", line 274, in clean_error
    return func(*args, **kwargs)
  File "/home/kara/.local/bin/credstash.py", line 577, in getSecret
    raise ItemNotFound("Item {'name': '%s'} couldn't be found." % name)
credstash.ItemNotFound: Item {'name': 'su_rds_seed_db_qa'} couldn't be found.
